<?xml version="1.0" encoding="UTF-8"?>
<!-- Generated by org.testng.reporters.JUnitReportReporter -->
<testsuite skipped="0" hostname="nitu-PC" name="com.uberAutomation.Test.AppTest" tests="1" failures="0" timestamp="04 May 2017 06:45:40 GMT" time="26.974" errors="0">
  <testcase name="test0" time="26.974" classname="com.uberAutomation.Test.AppTest"/>
</testsuite> <!-- com.uberAutomation.Test.AppTest -->
